2022-08-04T21:32:09.253077+0800INFOadmin logged in
2022-08-04T21:32:09.253077+0800INFOadmin logged in
2022-08-04T21:34:19.120242+0800INFOadmin logged in
2022-08-04T21:34:19.120242+0800INFOadmin logged in
2022-08-04T21:35:04.345891+0800INFOadmin logged in
2022-08-04T21:35:04.345891+0800INFOadmin logged in
2022-08-04T21:37:21.696192+0800INFOadmin logged in
2022-08-04T21:37:21.696192+0800INFOadmin logged in
2022-08-04T21:37:53.111048+0800INFOadmin logged in
2022-08-04T21:37:53.111048+0800INFOadmin logged in
2022-08-04T21:39:03.638316+0800INFOadmin logged in
2022-08-04T21:39:03.638316+0800INFOadmin logged in
2022-08-07T13:45:35.766685+0800INFOadmin logged in
2022-08-07T13:45:35.766685+0800INFOadmin logged in
2022-08-07T13:47:28.124410+0800INFOadmin logged in
2022-08-07T13:47:28.124410+0800INFOadmin logged in
2022-08-07T16:56:11.538607+0800INFOadmin logged in
2022-08-07T16:56:11.538607+0800INFOadmin logged in
2022-08-09T19:24:47.056870+0800INFOadmin logged in
2022-08-09T19:24:47.056870+0800INFOadmin logged in
2022-08-09T19:27:51.239418+0800INFOadmin logged in
2022-08-09T19:27:51.239418+0800INFOadmin logged in
2022-08-09T19:30:03.583735+0800INFOadmin logged in
2022-08-09T19:30:03.583735+0800INFOadmin logged in
2022-08-09T19:33:12.467818+0800INFOadmin logged in
2022-08-09T19:33:12.467818+0800INFOadmin logged in
2022-08-09T19:40:28.233758+0800INFOadmin logged in
2022-08-09T19:40:28.233758+0800INFOadmin logged in
2022-08-09T19:57:00.862961+0800INFOadmin logged in
2022-08-09T19:57:00.862961+0800INFOadmin logged in
2022-08-09T20:36:35.434037+0800INFOadmin logged in
2022-08-09T20:36:35.434037+0800INFOadmin logged in
2022-08-09T20:47:55.070688+0800INFOadmin logged in
2022-08-09T20:47:55.070688+0800INFOadmin logged in
2022-08-10T03:09:24.812788+0800INFOadmin logged in
2022-08-10T03:09:24.812788+0800INFOadmin logged in
2022-08-11T20:05:19.455302+0800INFOuser_100 logged in
2022-08-11T20:05:19.455302+0800INFOuser_100 logged in
2022-08-11T20:12:37.238820+0800INFOuser_100 logged in
2022-08-11T20:12:37.238820+0800INFOuser_100 logged in
2022-08-11T21:40:40.183141+0800INFOadmin logged in
2022-08-11T21:40:40.183141+0800INFOadmin logged in
2022-08-11T21:51:45.367443+0800INFOadmin logged in
2022-08-11T21:51:45.367443+0800INFOadmin logged in
2022-08-11T21:54:06.270204+0800INFOadmin logged in
2022-08-11T21:54:06.270204+0800INFOadmin logged in
2022-08-11T21:54:13.793793+0800INFOadmin logged in
2022-08-11T21:54:13.793793+0800INFOadmin logged in
2022-08-11T22:33:40.200654+0800INFOadmin logged in
2022-08-11T22:33:40.200654+0800INFOadmin logged in
2022-08-13T00:29:47.618798+0800INFOuser_111 logged in
2022-08-13T00:29:47.618798+0800INFOuser_111 logged in
2022-08-13T00:32:03.359667+0800INFOadmin logged in
2022-08-13T00:32:03.359667+0800INFOadmin logged in
2022-08-16T19:27:51.209485+0800INFOadmin logged in
2022-08-16T19:27:51.209485+0800INFOadmin logged in
2022-08-16T19:27:56.853100+0800INFOadmin logged in
2022-08-16T19:27:56.853100+0800INFOadmin logged in
2022-08-16T19:29:07.469532+0800INFOadmin logged in
2022-08-16T19:29:07.469532+0800INFOadmin logged in
2022-08-16T19:39:31.378008+0800INFOadmin logged in
2022-08-16T19:39:31.378008+0800INFOadmin logged in
2022-08-16T20:44:53.806058+0800INFOadmin logged in
2022-08-16T20:44:53.806058+0800INFOadmin logged in
2022-08-16T21:42:56.396778+0800INFOuser_100 logged in
2022-08-16T21:42:56.396778+0800INFOuser_100 logged in
2022-08-16T21:45:58.980025+0800INFOuser_113 logged in
2022-08-16T21:45:58.980025+0800INFOuser_113 logged in
2022-08-16T21:55:41.622584+0800INFOadmin logged in
2022-08-16T21:55:41.622584+0800INFOadmin logged in
2022-08-16T23:13:04.172431+0800INFOadmin logged in
2022-08-16T23:13:04.172431+0800INFOadmin logged in
2022-08-19T09:33:55.431110+0800INFOadmin logged in
2022-08-19T09:33:55.431110+0800INFOadmin logged in
2022-08-19T09:37:46.979322+0800INFOadmin logged in
2022-08-19T09:37:46.979322+0800INFOadmin logged in
2022-08-19T14:08:31.905158+0800INFOadmin logged in
2022-08-19T14:08:31.905158+0800INFOadmin logged in
2022-08-19T14:25:30.664377+0800INFO logged out
2022-08-19T14:25:30.664377+0800INFO logged out
2022-08-19T14:25:33.595985+0800INFOadmin logged in
2022-08-19T14:25:33.595985+0800INFOadmin logged in
2022-08-19T14:58:44.625791+0800INFO logged out
2022-08-19T14:58:44.625791+0800INFO logged out
2022-08-19T15:00:48.629642+0800INFOuser1000 registered
2022-08-19T15:00:48.629642+0800INFOuser1000 registered
2022-08-19T15:00:59.761340+0800INFO logged out
2022-08-19T15:00:59.761340+0800INFO logged out
2022-08-19T15:01:18.414926+0800INFOuser1000 logged in
2022-08-19T15:01:18.414926+0800INFOuser1000 logged in
2022-08-19T15:01:31.870485+0800INFO logged out
2022-08-19T15:01:31.870485+0800INFO logged out
2022-08-19T15:01:35.052775+0800INFOadmin logged in
2022-08-19T15:01:35.052775+0800INFOadmin logged in
2022-08-19T15:22:12.091892+0800INFO logged out
2022-08-19T15:22:12.091892+0800INFO logged out
2022-08-19T15:22:23.367993+0800INFOuser1000 logged in
2022-08-19T15:22:23.367993+0800INFOuser1000 logged in
2022-08-19T15:22:48.189681+0800INFO logged out
2022-08-19T15:22:48.189681+0800INFO logged out
2022-08-19T15:22:50.011310+0800INFOadmin logged in
2022-08-19T15:22:50.011310+0800INFOadmin logged in
